<?xml version="1.0" encoding="UTF-8"?>
<!-- Generated by org.testng.reporters.JUnitXMLReporter -->
<testsuite hostname="DESKTOP-QIAR9V5" ignored="0" name="Default test" tests="12" failures="0" timestamp="26 Nov 2017 23:56:19 GMT" time="82.66" errors="0">
  <testcase name="test1" time="0.582" classname="testingPackage.TestCases"/>
  <testcase name="test11" time="1.674" classname="testingPackage.TestCases"/>
  <testcase name="test2" time="0.736" classname="testingPackage.TestCases"/>
  <testcase name="test2" time="0.983" classname="testingPackage.TestCases"/>
  <testcase name="test2" time="0.716" classname="testingPackage.TestCases"/>
  <testcase name="test2" time="0.661" classname="testingPackage.TestCases"/>
  <testcase name="test3" time="0.65" classname="testingPackage.TestCases"/>
  <testcase name="test4" time="0.676" classname="testingPackage.TestCases"/>
  <testcase name="test5" time="0.953" classname="testingPackage.TestCases"/>
  <testcase name="test6" time="0.986" classname="testingPackage.TestCases"/>
  <testcase name="test8" time="0.965" classname="testingPackage.TestCases"/>
  <testcase name="test9" time="1.711" classname="testingPackage.TestCases"/>
</testsuite> <!-- Default test -->
